build/app/intermediates/manifest_merge_blame_file/release/manifest-merger-blame-release-report.txt
1<?xml version="1.0" encoding="utf-8"?>
2<manifest xmlns:android="http://schemas.android.com/apk/res/android"
3    package="io.diagon.casual"
4    android:versionCode="27"
5    android:versionName="1.1.0" >
6
7    <uses-sdk
8        android:minSdkVersion="21"
8-->src/main/AndroidManifest.xml
9        android:targetSdkVersion="33" />
9-->src/main/AndroidManifest.xml
10
11    <uses-permission android:name="android.permission.INTERNET" />
11-->src/main/AndroidManifest.xml:3:5-66
11-->src/main/AndroidManifest.xml:3:22-64
12    <!-- <uses-permission android:name="android.permission.FOREGROUND_SERVICE" /> -->
13    <!-- <uses-permission android:name="android.permission.ACCESS_BACKGROUND_LOCATION"/> -->
14    <uses-permission android:name="android.permission.ACCESS_FINE_LOCATION" />
14-->src/main/AndroidManifest.xml:6:5-79
14-->src/main/AndroidManifest.xml:6:22-76
15    <uses-permission android:name="android.permission.ACCESS_COARSE_LOCATION" />
15-->src/main/AndroidManifest.xml:7:5-81
15-->src/main/AndroidManifest.xml:7:22-78
16    <uses-permission android:name="android.permission.WAKE_LOCK" />
16-->[:firebase_messaging] AndroidManifest.xml:10:5-68
16-->[:firebase_messaging] AndroidManifest.xml:10:22-65
17    <uses-permission android:name="android.permission.ACCESS_NETWORK_STATE" /> <!-- Permissions options for the `notification` group -->
17-->[:firebase_messaging] AndroidManifest.xml:11:5-79
17-->[:firebase_messaging] AndroidManifest.xml:11:22-76
18    <uses-permission android:name="android.permission.POST_NOTIFICATIONS" />
18-->[:firebase_messaging] AndroidManifest.xml:13:5-77
18-->[:firebase_messaging] AndroidManifest.xml:13:22-74
19    <uses-permission android:name="android.permission.FOREGROUND_SERVICE" />
19-->[:geolocator_android] AndroidManifest.xml:9:5-77
19-->[:geolocator_android] AndroidManifest.xml:9:22-74
20    <uses-permission android:name="android.permission.RECEIVE_BOOT_COMPLETED" />
20-->[:flutter_local_notifications] AndroidManifest.xml:9:5-81
20-->[:flutter_local_notifications] AndroidManifest.xml:9:22-78
21    <uses-permission android:name="android.permission.VIBRATE" />
21-->[:flutter_local_notifications] AndroidManifest.xml:10:5-66
21-->[:flutter_local_notifications] AndroidManifest.xml:10:22-63
22    <uses-permission android:name="android.permission.USE_FULL_SCREEN_INTENT" />
22-->[:flutter_local_notifications] AndroidManifest.xml:11:5-81
22-->[:flutter_local_notifications] AndroidManifest.xml:11:22-78
23    <uses-permission android:name="android.permission.SCHEDULE_EXACT_ALARM" />
23-->[:flutter_local_notifications] AndroidManifest.xml:12:5-79
23-->[:flutter_local_notifications] AndroidManifest.xml:12:22-76
24
25    <queries>
25-->[:flutter_inappwebview] AndroidManifest.xml:9:5-13:15
26        <intent>
26-->[:flutter_inappwebview] AndroidManifest.xml:10:9-12:18
27            <action android:name="android.support.customtabs.action.CustomTabsService" />
27-->[:flutter_inappwebview] AndroidManifest.xml:11:13-90
27-->[:flutter_inappwebview] AndroidManifest.xml:11:21-87
28        </intent>
29        <intent>
29-->[com.google.firebase:firebase-inappmessaging-display:20.2.0] AndroidManifest.xml:13:9-17:18
30            <action android:name="android.intent.action.VIEW" />
30-->src/main/AndroidManifest.xml:34:17-69
30-->src/main/AndroidManifest.xml:34:25-66
31
32            <data android:scheme="https" />
32-->src/main/AndroidManifest.xml:37:17-72
32-->src/main/AndroidManifest.xml:37:23-44
33        </intent>
34    </queries> <!-- Required by older versions of Google Play services to create IID tokens -->
35    <uses-permission android:name="com.google.android.c2dm.permission.RECEIVE" />
35-->[com.google.firebase:firebase-messaging:23.1.0] AndroidManifest.xml:28:5-82
35-->[com.google.firebase:firebase-messaging:23.1.0] AndroidManifest.xml:28:22-79
36
37    <application
38        android:name="android.app.Application"
38-->src/main/AndroidManifest.xml:10:9-42
39        android:appComponentFactory="androidx.core.app.CoreComponentFactory"
39-->[androidx.core:core:1.8.0] AndroidManifest.xml:24:18-86
40        android:icon="@mipmap/ic_launcher"
40-->src/main/AndroidManifest.xml:11:9-43
41        android:label="CASUAL" >
41-->src/main/AndroidManifest.xml:9:9-31
42        <activity
42-->src/main/AndroidManifest.xml:12:9-41:20
43            android:name="io.diagon.casual.MainActivity"
43-->src/main/AndroidManifest.xml:13:13-41
44            android:configChanges="orientation|keyboardHidden|keyboard|screenSize|smallestScreenSize|locale|layoutDirection|fontScale|screenLayout|density|uiMode"
44-->src/main/AndroidManifest.xml:17:13-163
45            android:exported="true"
45-->src/main/AndroidManifest.xml:14:13-36
46            android:hardwareAccelerated="true"
46-->src/main/AndroidManifest.xml:18:13-47
47            android:launchMode="singleTop"
47-->src/main/AndroidManifest.xml:15:13-43
48            android:theme="@style/LaunchTheme"
48-->src/main/AndroidManifest.xml:16:13-47
49            android:windowSoftInputMode="adjustResize" >
49-->src/main/AndroidManifest.xml:19:13-55
50
51            <!--
52                 Specifies an Android theme to apply to this Activity as soon as
53                 the Android process has started. This theme is visible to the user
54                 while the Flutter UI initializes. After that, this theme continues
55                 to determine the Window background behind the Flutter UI.
56            -->
57            <meta-data
57-->src/main/AndroidManifest.xml:24:13-27:17
58                android:name="io.flutter.embedding.android.NormalTheme"
58-->src/main/AndroidManifest.xml:25:15-70
59                android:resource="@style/NormalTheme" />
59-->src/main/AndroidManifest.xml:26:15-52
60
61            <intent-filter>
61-->src/main/AndroidManifest.xml:28:13-31:29
62                <action android:name="android.intent.action.MAIN" />
62-->src/main/AndroidManifest.xml:29:17-68
62-->src/main/AndroidManifest.xml:29:25-66
63
64                <category android:name="android.intent.category.LAUNCHER" />
64-->src/main/AndroidManifest.xml:30:17-76
64-->src/main/AndroidManifest.xml:30:27-74
65            </intent-filter>
66
67            <meta-data
67-->src/main/AndroidManifest.xml:32:13-90
68                android:name="flutter_deeplinking_enabled"
68-->src/main/AndroidManifest.xml:32:24-66
69                android:value="true" />
69-->src/main/AndroidManifest.xml:32:67-87
70
71            <intent-filter android:autoVerify="true" >
71-->src/main/AndroidManifest.xml:33:13-39:29
71-->src/main/AndroidManifest.xml:33:28-53
72                <action android:name="android.intent.action.VIEW" />
72-->src/main/AndroidManifest.xml:34:17-69
72-->src/main/AndroidManifest.xml:34:25-66
73
74                <category android:name="android.intent.category.DEFAULT" />
74-->src/main/AndroidManifest.xml:35:17-76
74-->src/main/AndroidManifest.xml:35:27-73
75                <category android:name="android.intent.category.BROWSABLE" />
75-->src/main/AndroidManifest.xml:36:17-78
75-->src/main/AndroidManifest.xml:36:27-75
76
77                <data
77-->src/main/AndroidManifest.xml:37:17-72
78                    android:host="diagon.io"
78-->src/main/AndroidManifest.xml:37:45-69
79                    android:scheme="http" />
79-->src/main/AndroidManifest.xml:37:23-44
80                <data android:scheme="https" />
80-->src/main/AndroidManifest.xml:37:17-72
80-->src/main/AndroidManifest.xml:37:23-44
81            </intent-filter>
82        </activity>
83        <!--
84             Don't delete the meta-data below.
85             This is used by the Flutter tool to generate GeneratedPluginRegistrant.java
86        -->
87        <meta-data
87-->src/main/AndroidManifest.xml:44:9-46:33
88            android:name="flutterEmbedding"
88-->src/main/AndroidManifest.xml:45:13-44
89            android:value="2" />
89-->src/main/AndroidManifest.xml:46:13-30
90
91        <service
91-->[:firebase_in_app_messaging] AndroidManifest.xml:10:9-14:19
92            android:name="com.google.firebase.components.ComponentDiscoveryService"
92-->[:firebase_in_app_messaging] AndroidManifest.xml:10:18-89
93            android:directBootAware="true"
93-->[com.google.firebase:firebase-common:20.2.0] AndroidManifest.xml:34:13-43
94            android:exported="false" >
94-->[com.google.firebase:firebase-inappmessaging-display:20.2.0] AndroidManifest.xml:23:13-37
95            <meta-data
95-->[:firebase_in_app_messaging] AndroidManifest.xml:11:13-13:85
96                android:name="com.google.firebase.components:io.flutter.plugins.firebase.inappmessaging.FlutterFirebaseAppRegistrar"
96-->[:firebase_in_app_messaging] AndroidManifest.xml:12:17-133
97                android:value="com.google.firebase.components.ComponentRegistrar" />
97-->[:firebase_in_app_messaging] AndroidManifest.xml:13:17-82
98            <meta-data
98-->[:firebase_messaging] AndroidManifest.xml:38:13-40:85
99                android:name="com.google.firebase.components:io.flutter.plugins.firebase.messaging.FlutterFirebaseAppRegistrar"
99-->[:firebase_messaging] AndroidManifest.xml:39:17-128
100                android:value="com.google.firebase.components.ComponentRegistrar" />
100-->[:firebase_messaging] AndroidManifest.xml:40:17-82
101            <meta-data
101-->[:firebase_core] AndroidManifest.xml:11:13-13:85
102                android:name="com.google.firebase.components:io.flutter.plugins.firebase.core.FlutterFirebaseCoreRegistrar"
102-->[:firebase_core] AndroidManifest.xml:12:17-124
103                android:value="com.google.firebase.components.ComponentRegistrar" />
103-->[:firebase_core] AndroidManifest.xml:13:17-82
104            <meta-data
104-->[com.google.firebase:firebase-inappmessaging-display:20.2.0] AndroidManifest.xml:24:13-26:85
105                android:name="com.google.firebase.components:com.google.firebase.inappmessaging.display.FirebaseInAppMessagingDisplayRegistrar"
105-->[com.google.firebase:firebase-inappmessaging-display:20.2.0] AndroidManifest.xml:25:17-144
106                android:value="com.google.firebase.components.ComponentRegistrar" />
106-->[com.google.firebase:firebase-inappmessaging-display:20.2.0] AndroidManifest.xml:26:17-82
107            <meta-data
107-->[com.google.firebase:firebase-messaging:23.1.0] AndroidManifest.xml:55:13-57:85
108                android:name="com.google.firebase.components:com.google.firebase.messaging.FirebaseMessagingRegistrar"
108-->[com.google.firebase:firebase-messaging:23.1.0] AndroidManifest.xml:56:17-119
109                android:value="com.google.firebase.components.ComponentRegistrar" />
109-->[com.google.firebase:firebase-messaging:23.1.0] AndroidManifest.xml:57:17-82
110            <meta-data
110-->[com.google.firebase:firebase-iid:21.1.0] AndroidManifest.xml:32:13-34:85
111                android:name="com.google.firebase.components:com.google.firebase.iid.Registrar"
111-->[com.google.firebase:firebase-iid:21.1.0] AndroidManifest.xml:33:17-96
112                android:value="com.google.firebase.components.ComponentRegistrar" />
112-->[com.google.firebase:firebase-iid:21.1.0] AndroidManifest.xml:34:17-82
113            <meta-data
113-->[com.google.firebase:firebase-inappmessaging:20.2.0] AndroidManifest.xml:16:13-18:85
114                android:name="com.google.firebase.components:com.google.firebase.inappmessaging.FirebaseInAppMessagingRegistrar"
114-->[com.google.firebase:firebase-inappmessaging:20.2.0] AndroidManifest.xml:17:17-129
115                android:value="com.google.firebase.components.ComponentRegistrar" />
115-->[com.google.firebase:firebase-inappmessaging:20.2.0] AndroidManifest.xml:18:17-82
116            <meta-data
116-->[com.google.firebase:firebase-installations:17.1.0] AndroidManifest.xml:17:13-19:85
117                android:name="com.google.firebase.components:com.google.firebase.installations.FirebaseInstallationsRegistrar"
117-->[com.google.firebase:firebase-installations:17.1.0] AndroidManifest.xml:18:17-127
118                android:value="com.google.firebase.components.ComponentRegistrar" />
118-->[com.google.firebase:firebase-installations:17.1.0] AndroidManifest.xml:19:17-82
119            <meta-data
119-->[com.google.firebase:firebase-datatransport:18.1.7] AndroidManifest.xml:27:13-29:85
120                android:name="com.google.firebase.components:com.google.firebase.datatransport.TransportRegistrar"
120-->[com.google.firebase:firebase-datatransport:18.1.7] AndroidManifest.xml:28:17-115
121                android:value="com.google.firebase.components.ComponentRegistrar" />
121-->[com.google.firebase:firebase-datatransport:18.1.7] AndroidManifest.xml:29:17-82
122            <meta-data
122-->[com.google.firebase:firebase-abt:21.1.0] AndroidManifest.xml:12:13-14:85
123                android:name="com.google.firebase.components:com.google.firebase.abt.component.AbtRegistrar"
123-->[com.google.firebase:firebase-abt:21.1.0] AndroidManifest.xml:13:17-109
124                android:value="com.google.firebase.components.ComponentRegistrar" />
124-->[com.google.firebase:firebase-abt:21.1.0] AndroidManifest.xml:14:17-82
125        </service>
126        <service
126-->[:firebase_messaging] AndroidManifest.xml:16:9-19:72
127            android:name="io.flutter.plugins.firebase.messaging.FlutterFirebaseMessagingBackgroundService"
127-->[:firebase_messaging] AndroidManifest.xml:17:13-107
128            android:exported="false"
128-->[:firebase_messaging] AndroidManifest.xml:18:13-37
129            android:permission="android.permission.BIND_JOB_SERVICE" />
129-->[:firebase_messaging] AndroidManifest.xml:19:13-69
130        <service
130-->[:firebase_messaging] AndroidManifest.xml:20:9-26:19
131            android:name="io.flutter.plugins.firebase.messaging.FlutterFirebaseMessagingService"
131-->[:firebase_messaging] AndroidManifest.xml:21:13-97
132            android:exported="false" >
132-->[:firebase_messaging] AndroidManifest.xml:22:13-37
133            <intent-filter>
133-->[:firebase_messaging] AndroidManifest.xml:23:13-25:29
134                <action android:name="com.google.firebase.MESSAGING_EVENT" />
134-->[:firebase_messaging] AndroidManifest.xml:24:17-78
134-->[:firebase_messaging] AndroidManifest.xml:24:25-75
135            </intent-filter>
136        </service>
137
138        <receiver
138-->[:firebase_messaging] AndroidManifest.xml:28:9-35:20
139            android:name="io.flutter.plugins.firebase.messaging.FlutterFirebaseMessagingReceiver"
139-->[:firebase_messaging] AndroidManifest.xml:29:13-98
140            android:exported="true"
140-->[:firebase_messaging] AndroidManifest.xml:30:13-36
141            android:permission="com.google.android.c2dm.permission.SEND" >
141-->[:firebase_messaging] AndroidManifest.xml:31:13-73
142            <intent-filter>
142-->[:firebase_messaging] AndroidManifest.xml:32:13-34:29
143                <action android:name="com.google.android.c2dm.intent.RECEIVE" />
143-->[:firebase_messaging] AndroidManifest.xml:33:17-81
143-->[:firebase_messaging] AndroidManifest.xml:33:25-78
144            </intent-filter>
145        </receiver>
146
147        <provider
147-->[:firebase_messaging] AndroidManifest.xml:43:9-47:38
148            android:name="io.flutter.plugins.firebase.messaging.FlutterFirebaseMessagingInitProvider"
148-->[:firebase_messaging] AndroidManifest.xml:44:13-102
149            android:authorities="io.diagon.casual.flutterfirebasemessaginginitprovider"
149-->[:firebase_messaging] AndroidManifest.xml:45:13-88
150            android:exported="false"
150-->[:firebase_messaging] AndroidManifest.xml:46:13-37
151            android:initOrder="99" />
151-->[:firebase_messaging] AndroidManifest.xml:47:13-35
152
153        <service
153-->[:geolocator_android] AndroidManifest.xml:12:9-16:56
154            android:name="com.baseflow.geolocator.GeolocatorLocationService"
154-->[:geolocator_android] AndroidManifest.xml:13:13-77
155            android:enabled="true"
155-->[:geolocator_android] AndroidManifest.xml:14:13-35
156            android:exported="false"
156-->[:geolocator_android] AndroidManifest.xml:15:13-37
157            android:foregroundServiceType="location" />
157-->[:geolocator_android] AndroidManifest.xml:16:13-53
158
159        <receiver
159-->[:flutter_local_notifications] AndroidManifest.xml:16:9-18:40
160            android:name="com.dexterous.flutterlocalnotifications.ActionBroadcastReceiver"
160-->[:flutter_local_notifications] AndroidManifest.xml:17:13-91
161            android:exported="false" />
161-->[:flutter_local_notifications] AndroidManifest.xml:18:13-37
162        <receiver
162-->[:flutter_local_notifications] AndroidManifest.xml:19:9-21:40
163            android:name="com.dexterous.flutterlocalnotifications.ScheduledNotificationReceiver"
163-->[:flutter_local_notifications] AndroidManifest.xml:20:13-97
164            android:exported="false" />
164-->[:flutter_local_notifications] AndroidManifest.xml:21:13-37
165        <receiver
165-->[:flutter_local_notifications] AndroidManifest.xml:22:9-31:20
166            android:name="com.dexterous.flutterlocalnotifications.ScheduledNotificationBootReceiver"
166-->[:flutter_local_notifications] AndroidManifest.xml:23:13-101
167            android:exported="false" >
167-->[:flutter_local_notifications] AndroidManifest.xml:24:13-37
168            <intent-filter>
168-->[:flutter_local_notifications] AndroidManifest.xml:25:13-30:29
169                <action android:name="android.intent.action.BOOT_COMPLETED" />
169-->[:flutter_local_notifications] AndroidManifest.xml:26:17-79
169-->[:flutter_local_notifications] AndroidManifest.xml:26:25-76
170                <action android:name="android.intent.action.MY_PACKAGE_REPLACED" />
170-->[:flutter_local_notifications] AndroidManifest.xml:27:17-84
170-->[:flutter_local_notifications] AndroidManifest.xml:27:25-81
171                <action android:name="android.intent.action.QUICKBOOT_POWERON" />
171-->[:flutter_local_notifications] AndroidManifest.xml:28:17-82
171-->[:flutter_local_notifications] AndroidManifest.xml:28:25-79
172                <action android:name="com.htc.intent.action.QUICKBOOT_POWERON" />
172-->[:flutter_local_notifications] AndroidManifest.xml:29:17-82
172-->[:flutter_local_notifications] AndroidManifest.xml:29:25-79
173            </intent-filter>
174        </receiver>
175
176        <activity
176-->[:url_launcher_android] AndroidManifest.xml:10:9-13:74
177            android:name="io.flutter.plugins.urllauncher.WebViewActivity"
177-->[:url_launcher_android] AndroidManifest.xml:11:13-74
178            android:exported="false"
178-->[:url_launcher_android] AndroidManifest.xml:12:13-37
179            android:theme="@android:style/Theme.NoTitleBar.Fullscreen" />
179-->[:url_launcher_android] AndroidManifest.xml:13:13-71
180        <activity
180-->[:flutter_inappwebview] AndroidManifest.xml:16:9-20:47
181            android:name="com.pichillilorenzo.flutter_inappwebview.in_app_browser.InAppBrowserActivity"
181-->[:flutter_inappwebview] AndroidManifest.xml:17:13-104
182            android:configChanges="orientation|keyboardHidden|keyboard|screenSize|locale|layoutDirection|fontScale|screenLayout|density"
182-->[:flutter_inappwebview] AndroidManifest.xml:18:13-137
183            android:exported="false"
183-->[:flutter_inappwebview] AndroidManifest.xml:19:13-37
184            android:theme="@style/AppTheme" />
184-->[:flutter_inappwebview] AndroidManifest.xml:20:13-44
185        <activity
185-->[:flutter_inappwebview] AndroidManifest.xml:21:9-24:55
186            android:name="com.pichillilorenzo.flutter_inappwebview.chrome_custom_tabs.ChromeCustomTabsActivity"
186-->[:flutter_inappwebview] AndroidManifest.xml:22:13-112
187            android:exported="false"
187-->[:flutter_inappwebview] AndroidManifest.xml:23:13-37
188            android:theme="@style/ThemeTransparent" />
188-->[:flutter_inappwebview] AndroidManifest.xml:24:13-52
189        <activity
189-->[:flutter_inappwebview] AndroidManifest.xml:25:9-28:55
190            android:name="com.pichillilorenzo.flutter_inappwebview.chrome_custom_tabs.TrustedWebActivity"
190-->[:flutter_inappwebview] AndroidManifest.xml:26:13-106
191            android:exported="false"
191-->[:flutter_inappwebview] AndroidManifest.xml:27:13-37
192            android:theme="@style/ThemeTransparent" />
192-->[:flutter_inappwebview] AndroidManifest.xml:28:13-52
193        <activity
193-->[:flutter_inappwebview] AndroidManifest.xml:29:9-33:55
194            android:name="com.pichillilorenzo.flutter_inappwebview.chrome_custom_tabs.ChromeCustomTabsActivitySingleInstance"
194-->[:flutter_inappwebview] AndroidManifest.xml:30:13-126
195            android:exported="false"
195-->[:flutter_inappwebview] AndroidManifest.xml:31:13-37
196            android:launchMode="singleInstance"
196-->[:flutter_inappwebview] AndroidManifest.xml:32:13-48
197            android:theme="@style/ThemeTransparent" />
197-->[:flutter_inappwebview] AndroidManifest.xml:33:13-52
198        <activity
198-->[:flutter_inappwebview] AndroidManifest.xml:34:9-38:55
199            android:name="com.pichillilorenzo.flutter_inappwebview.chrome_custom_tabs.TrustedWebActivitySingleInstance"
199-->[:flutter_inappwebview] AndroidManifest.xml:35:13-120
200            android:exported="false"
200-->[:flutter_inappwebview] AndroidManifest.xml:36:13-37
201            android:launchMode="singleInstance"
201-->[:flutter_inappwebview] AndroidManifest.xml:37:13-48
202            android:theme="@style/ThemeTransparent" />
202-->[:flutter_inappwebview] AndroidManifest.xml:38:13-52
203
204        <receiver
204-->[:flutter_inappwebview] AndroidManifest.xml:40:9-43:40
205            android:name="com.pichillilorenzo.flutter_inappwebview.chrome_custom_tabs.ActionBroadcastReceiver"
205-->[:flutter_inappwebview] AndroidManifest.xml:41:13-111
206            android:enabled="true"
206-->[:flutter_inappwebview] AndroidManifest.xml:42:13-35
207            android:exported="false" />
207-->[:flutter_inappwebview] AndroidManifest.xml:43:13-37
208
209        <meta-data
209-->[:flutter_inappwebview] AndroidManifest.xml:45:9-47:36
210            android:name="io.flutter.embedded_views_preview"
210-->[:flutter_inappwebview] AndroidManifest.xml:46:13-61
211            android:value="true" />
211-->[:flutter_inappwebview] AndroidManifest.xml:47:13-33
212
213        <uses-library
213-->[androidx.window:window:1.0.0-beta04] AndroidManifest.xml:25:9-27:40
214            android:name="androidx.window.extensions"
214-->[androidx.window:window:1.0.0-beta04] AndroidManifest.xml:26:13-54
215            android:required="false" />
215-->[androidx.window:window:1.0.0-beta04] AndroidManifest.xml:27:13-37
216        <uses-library
216-->[androidx.window:window:1.0.0-beta04] AndroidManifest.xml:28:9-30:40
217            android:name="androidx.window.sidecar"
217-->[androidx.window:window:1.0.0-beta04] AndroidManifest.xml:29:13-51
218            android:required="false" />
218-->[androidx.window:window:1.0.0-beta04] AndroidManifest.xml:30:13-37
219
220        <activity
220-->[com.google.android.gms:play-services-auth:20.4.0] AndroidManifest.xml:23:9-27:75
221            android:name="com.google.android.gms.auth.api.signin.internal.SignInHubActivity"
221-->[com.google.android.gms:play-services-auth:20.4.0] AndroidManifest.xml:24:13-93
222            android:excludeFromRecents="true"
222-->[com.google.android.gms:play-services-auth:20.4.0] AndroidManifest.xml:25:13-46
223            android:exported="false"
223-->[com.google.android.gms:play-services-auth:20.4.0] AndroidManifest.xml:26:13-37
224            android:theme="@android:style/Theme.Translucent.NoTitleBar" />
224-->[com.google.android.gms:play-services-auth:20.4.0] AndroidManifest.xml:27:13-72
225        <!--
226            Service handling Google Sign-In user revocation. For apps that do not integrate with
227            Google Sign-In, this service will never be started.
228        -->
229        <service
229-->[com.google.android.gms:play-services-auth:20.4.0] AndroidManifest.xml:33:9-37:51
230            android:name="com.google.android.gms.auth.api.signin.RevocationBoundService"
230-->[com.google.android.gms:play-services-auth:20.4.0] AndroidManifest.xml:34:13-89
231            android:exported="true"
231-->[com.google.android.gms:play-services-auth:20.4.0] AndroidManifest.xml:35:13-36
232            android:permission="com.google.android.gms.auth.api.signin.permission.REVOCATION_NOTIFICATION"
232-->[com.google.android.gms:play-services-auth:20.4.0] AndroidManifest.xml:36:13-107
233            android:visibleToInstantApps="true" />
233-->[com.google.android.gms:play-services-auth:20.4.0] AndroidManifest.xml:37:13-48
234
235        <receiver
235-->[com.google.firebase:firebase-messaging:23.1.0] AndroidManifest.xml:31:9-38:20
236            android:name="com.google.firebase.iid.FirebaseInstanceIdReceiver"
236-->[com.google.firebase:firebase-messaging:23.1.0] AndroidManifest.xml:32:13-78
237            android:exported="true"
237-->[com.google.firebase:firebase-messaging:23.1.0] AndroidManifest.xml:33:13-36
238            android:permission="com.google.android.c2dm.permission.SEND" >
238-->[com.google.firebase:firebase-messaging:23.1.0] AndroidManifest.xml:34:13-73
239            <intent-filter>
239-->[:firebase_messaging] AndroidManifest.xml:32:13-34:29
240                <action android:name="com.google.android.c2dm.intent.RECEIVE" />
240-->[:firebase_messaging] AndroidManifest.xml:33:17-81
240-->[:firebase_messaging] AndroidManifest.xml:33:25-78
241            </intent-filter>
242        </receiver>
243        <!--
244             FirebaseMessagingService performs security checks at runtime,
245             but set to not exported to explicitly avoid allowing another app to call it.
246        -->
247        <service
247-->[com.google.firebase:firebase-messaging:23.1.0] AndroidManifest.xml:44:9-51:19
248            android:name="com.google.firebase.messaging.FirebaseMessagingService"
248-->[com.google.firebase:firebase-messaging:23.1.0] AndroidManifest.xml:45:13-82
249            android:directBootAware="true"
249-->[com.google.firebase:firebase-messaging:23.1.0] AndroidManifest.xml:46:13-43
250            android:exported="false" >
250-->[com.google.firebase:firebase-messaging:23.1.0] AndroidManifest.xml:47:13-37
251            <intent-filter android:priority="-500" >
251-->[:firebase_messaging] AndroidManifest.xml:23:13-25:29
252                <action android:name="com.google.firebase.MESSAGING_EVENT" />
252-->[:firebase_messaging] AndroidManifest.xml:24:17-78
252-->[:firebase_messaging] AndroidManifest.xml:24:25-75
253            </intent-filter>
254        </service>
255
256        <activity
256-->[com.google.android.gms:play-services-base:18.0.1] AndroidManifest.xml:20:9-22:45
257            android:name="com.google.android.gms.common.api.GoogleApiActivity"
257-->[com.google.android.gms:play-services-base:18.0.1] AndroidManifest.xml:20:19-85
258            android:exported="false"
258-->[com.google.android.gms:play-services-base:18.0.1] AndroidManifest.xml:22:19-43
259            android:theme="@android:style/Theme.Translucent.NoTitleBar" />
259-->[com.google.android.gms:play-services-base:18.0.1] AndroidManifest.xml:21:19-78
260
261        <provider
261-->[com.google.firebase:firebase-common:20.2.0] AndroidManifest.xml:25:9-30:39
262            android:name="com.google.firebase.provider.FirebaseInitProvider"
262-->[com.google.firebase:firebase-common:20.2.0] AndroidManifest.xml:26:13-77
263            android:authorities="io.diagon.casual.firebaseinitprovider"
263-->[com.google.firebase:firebase-common:20.2.0] AndroidManifest.xml:27:13-72
264            android:directBootAware="true"
264-->[com.google.firebase:firebase-common:20.2.0] AndroidManifest.xml:28:13-43
265            android:exported="false"
265-->[com.google.firebase:firebase-common:20.2.0] AndroidManifest.xml:29:13-37
266            android:initOrder="100" />
266-->[com.google.firebase:firebase-common:20.2.0] AndroidManifest.xml:30:13-36
267
268        <meta-data
268-->[com.google.android.gms:play-services-basement:18.1.0] AndroidManifest.xml:21:9-23:69
269            android:name="com.google.android.gms.version"
269-->[com.google.android.gms:play-services-basement:18.1.0] AndroidManifest.xml:22:13-58
270            android:value="@integer/google_play_services_version" />
270-->[com.google.android.gms:play-services-basement:18.1.0] AndroidManifest.xml:23:13-66
271
272        <provider
272-->[androidx.emoji2:emoji2:1.2.0] AndroidManifest.xml:24:9-32:20
273            android:name="androidx.startup.InitializationProvider"
273-->[androidx.emoji2:emoji2:1.2.0] AndroidManifest.xml:25:13-67
274            android:authorities="io.diagon.casual.androidx-startup"
274-->[androidx.emoji2:emoji2:1.2.0] AndroidManifest.xml:26:13-68
275            android:exported="false" >
275-->[androidx.emoji2:emoji2:1.2.0] AndroidManifest.xml:27:13-37
276            <meta-data
276-->[androidx.emoji2:emoji2:1.2.0] AndroidManifest.xml:29:13-31:52
277                android:name="androidx.emoji2.text.EmojiCompatInitializer"
277-->[androidx.emoji2:emoji2:1.2.0] AndroidManifest.xml:30:17-75
278                android:value="androidx.startup" />
278-->[androidx.emoji2:emoji2:1.2.0] AndroidManifest.xml:31:17-49
279            <meta-data
279-->[androidx.lifecycle:lifecycle-process:2.4.1] AndroidManifest.xml:31:13-33:52
280                android:name="androidx.lifecycle.ProcessLifecycleInitializer"
280-->[androidx.lifecycle:lifecycle-process:2.4.1] AndroidManifest.xml:32:17-78
281                android:value="androidx.startup" />
281-->[androidx.lifecycle:lifecycle-process:2.4.1] AndroidManifest.xml:33:17-49
282        </provider>
283
284        <service
284-->[com.google.android.datatransport:transport-backend-cct:3.1.8] AndroidManifest.xml:28:9-34:19